[2025-04-02 08:27:52] ERROR: ❌ Error connecting to the database:MaxRetriesPerRequestError: Reached the max retries per request limit (which is 20). Refer to "maxRetriesPerRequest" option for details.
[2025-04-02 08:55:13] ERROR: Error logging in:User is not active in the active_session_user tablenullباسم حسين عبد الامير51Bassim@ur.com
[2025-04-02 08:58:09] ERROR: Error logging in:User is not active in the active_session_user tablenullباسم حسين عبد الامير51Bassim@ur.com
[2025-04-02 08:58:27] ERROR: Error logging in:User is not active in the active_session_user tablenullباسم حسين عبد الامير51Bassim@ur.com
[2025-04-02 08:58:45] ERROR: Error logging in:User is not active in the active_session_user tablenullباسم حسين عبد الامير51Bassim@ur.com
[2025-04-02 08:59:22] ERROR: Error logging in:User is not active in the active_session_user tablenullباسم حسين عبد الامير51Bassim@ur.com
[2025-04-02 08:59:24] ERROR: Error logging in:User is not active in the active_session_user tablenullباسم حسين عبد الامير51Bassim@ur.com
[2025-04-02 08:59:24] ERROR: Error logging in:User is not active in the active_session_user tablenullباسم حسين عبد الامير51Bassim@ur.com
[2025-04-02 08:59:25] ERROR: Error logging in:User is not active in the active_session_user tablenullباسم حسين عبد الامير51Bassim@ur.com
[2025-04-02 09:00:36] ERROR: Error logging in:User is not active in the active_session_user tablenullباسم حسين عبد الامير51Bassim@ur.com
[2025-04-02 09:01:12] ERROR: ❌ Error connecting to the database:MaxRetriesPerRequestError: Reached the max retries per request limit (which is 20). Refer to "maxRetriesPerRequest" option for details.
[2025-04-02 09:01:15] ERROR: Error logging in:User is not active in the active_session_user tablenullباسم حسين عبد الامير51Bassim@ur.com
[2025-04-02 09:03:20] ERROR: Error logging in:User is not active in the active_session_user tablenullباسم حسين عبد الامير51Bassim@ur.com
[2025-04-02 09:03:30] ERROR: ❌ Error connecting to the database:MaxRetriesPerRequestError: Reached the max retries per request limit (which is 20). Refer to "maxRetriesPerRequest" option for details.
[2025-04-02 09:05:56] ERROR: ❌ Error connecting to the database:MaxRetriesPerRequestError: Reached the max retries per request limit (which is 20). Refer to "maxRetriesPerRequest" option for details.
[2025-04-02 09:06:29] ERROR: ❌ Error connecting to the database:MaxRetriesPerRequestError: Reached the max retries per request limit (which is 20). Refer to "maxRetriesPerRequest" option for details.
[2025-04-02 09:07:19] ERROR: ❌ Error connecting to the database:MaxRetriesPerRequestError: Reached the max retries per request limit (which is 20). Refer to "maxRetriesPerRequest" option for details.
[2025-04-02 09:07:32] ERROR: ❌ Error connecting to the database:ReferenceError: cacheKey is not defined
[2025-04-02 09:08:27] ERROR: ❌ Error connecting to the database:ReferenceError: redis is not defined
[2025-04-02 09:08:48] ERROR: ❌ Error connecting to the database:MaxRetriesPerRequestError: Reached the max retries per request limit (which is 20). Refer to "maxRetriesPerRequest" option for details.
[2025-04-02 09:09:36] ERROR: ❌ Error connecting to the database:MaxRetriesPerRequestError: Reached the max retries per request limit (which is 20). Refer to "maxRetriesPerRequest" option for details.
[2025-04-02 09:10:06] ERROR: ❌ Error connecting to the database:MaxRetriesPerRequestError: Reached the max retries per request limit (which is 20). Refer to "maxRetriesPerRequest" option for details.
[2025-04-02 09:13:08] ERROR: Error logging in:User is not active in the active_session_user tablenullباسم حسين عبد الامير51Bassim@ur.com
[2025-04-02 12:03:01] ERROR: Error fetching users management data: Bind parameters must not contain undefined. To pass SQL NULL specify JS null
[2025-04-02 12:04:32] ERROR: Error fetching users management data: Bind parameters must not contain undefined. To pass SQL NULL specify JS null
[2025-04-02 12:05:57] ERROR: Error fetching users management data: Bind parameters must not contain undefined. To pass SQL NULL specify JS null
[2025-04-05 12:39:05] ERROR: Error logging in:User is not active in the active_session_user tablenullباسم حسين عبد الامير51Bassim@ur.com
[2025-04-05 12:51:57] ERROR: Error fetching logs: Bind parameters must not contain undefined. To pass SQL NULL specify JS null
[2025-04-05 12:51:57] ERROR: Error fetching logs: Bind parameters must not contain undefined. To pass SQL NULL specify JS null
[2025-04-05 12:51:58] ERROR: Error fetching logs: Bind parameters must not contain undefined. To pass SQL NULL specify JS null
[2025-04-05 12:52:12] ERROR: Error fetching logs: Bind parameters must not contain undefined. To pass SQL NULL specify JS null
[2025-04-05 12:52:13] ERROR: Error fetching logs: Bind parameters must not contain undefined. To pass SQL NULL specify JS null
[2025-04-05 12:52:14] ERROR: Error fetching logs: Bind parameters must not contain undefined. To pass SQL NULL specify JS null
[2025-04-06 11:37:21] ERROR: Connection error. Retries left: 4 Cannot read properties of undefined (reading 'query')
[2025-04-06 12:17:41] ERROR: Error logging in:User is not active in the active_session_user tablenullموضف معمل91lab@ur.com
[2025-04-07 10:17:23] ERROR: Error logging in:User is not active in the active_session_user tablenullمدير جهة مخزن88admin@ur.com
[2025-04-07 10:17:26] ERROR: Error logging in:User is not active in the active_session_user tablenullمدير جهة مخزن88admin@ur.com
[2025-04-07 10:17:27] ERROR: Error logging in:User is not active in the active_session_user tablenullمدير جهة مخزن88admin@ur.com
[2025-04-07 10:17:27] ERROR: Error logging in:User is not active in the active_session_user tablenullمدير جهة مخزن88admin@ur.com
[2025-04-07 10:17:27] ERROR: Error logging in:User is not active in the active_session_user tablenullمدير جهة مخزن88admin@ur.com
[2025-04-07 10:41:02] ERROR: Error registering user: أدخل البيانات المطلوبة
[2025-04-07 10:41:13] ERROR: Error registering user: أدخل البيانات المطلوبة
[2025-04-07 10:41:55] ERROR: Error registering user: أدخل البيانات المطلوبة
[2025-04-07 10:43:39] ERROR: Error registering user: Bind parameters must not contain undefined. To pass SQL NULL specify JS null
[2025-04-07 10:45:26] ERROR: Error logging in:User is not active in the active_session_user tablenullالمستخم الثاني لنحطة الوسط105admin23@gmail.com
[2025-04-07 10:45:31] ERROR: Error logging in:User is not active in the active_session_user tablenullالمستخم الثاني لنحطة الوسط105admin23@gmail.com
[2025-04-07 10:45:32] ERROR: Error logging in:User is not active in the active_session_user tablenullالمستخم الثاني لنحطة الوسط105admin23@gmail.com
[2025-04-07 10:45:32] ERROR: Error logging in:User is not active in the active_session_user tablenullالمستخم الثاني لنحطة الوسط105admin23@gmail.com
[2025-04-07 10:45:32] ERROR: Error logging in:User is not active in the active_session_user tablenullالمستخم الثاني لنحطة الوسط105admin23@gmail.com
[2025-04-07 10:45:33] ERROR: Error logging in:User is not active in the active_session_user tablenullالمستخم الثاني لنحطة الوسط105admin23@gmail.com
[2025-04-07 10:45:33] ERROR: Error logging in:User is not active in the active_session_user tablenullالمستخم الثاني لنحطة الوسط105admin23@gmail.com
[2025-04-07 10:46:40] ERROR: Error logging in:User is not active in the active_session_user tablenullالمستخم الثاني لنحطة الوسط105admin23@gmail.com
[2025-04-07 10:46:42] ERROR: Error logging in:User is not active in the active_session_user tablenullالمستخم الثاني لنحطة الوسط105admin23@gmail.com
[2025-04-07 10:46:42] ERROR: Error logging in:User is not active in the active_session_user tablenullالمستخم الثاني لنحطة الوسط105admin23@gmail.com
[2025-04-07 10:46:42] ERROR: Error logging in:User is not active in the active_session_user tablenullالمستخم الثاني لنحطة الوسط105admin23@gmail.com
[2025-04-07 10:47:01] ERROR: Error logging in:User is not active in the active_session_user tablenullالمستخم الثاني لنحطة الوسط105admin23@gmail.com
[2025-04-07 10:47:36] ERROR: Error logging in:User is not active in the active_session_user tablenullالمستخم الثاني لنحطة الوسط105admin23@gmail.com
[2025-04-07 10:57:54] ERROR: Error logging out: Unknown column 'refresh_token' in 'where clause'
[2025-04-07 10:59:25] ERROR: Error logging in: Unknown column 'refresh_token' in 'field list'
[2025-04-07 11:03:36] ERROR: Error logging in: Cannot read properties of undefined (reading 'user-agent')
[2025-04-07 11:04:36] ERROR: Error logging in:User is not active in the active_session_user table0المستخم الثاني لنحطة الوسط105admin23@gmail.com
[2025-04-07 11:05:09] ERROR: Error logging in:User is not active in the active_session_user table0المستخم الثاني لنحطة الوسط105admin23@gmail.com
[2025-04-07 11:06:18] ERROR: Error logging in:User is not active in the active_session_user table0المستخم الثاني لنحطة الوسط105admin23@gmail.com
[2025-04-07 11:36:44] ERROR: Error logging in:User is not active in the active_session_user table0المستخم الثاني لنحطة الوسط105admin23@gmail.com
[2025-04-07 11:38:07] ERROR: Error logging in:User is not active in the active_session_user table0المستخم الثاني لنحطة الوسط105admin23@gmail.com
[2025-04-07 11:38:07] ERROR: Error logging in:User is not active in the active_session_user table0المستخم الثاني لنحطة الوسط105admin23@gmail.com
[2025-04-07 11:38:08] ERROR: Error logging in:User is not active in the active_session_user table0المستخم الثاني لنحطة الوسط105admin23@gmail.com
[2025-04-07 11:38:08] ERROR: Error logging in:User is not active in the active_session_user table0المستخم الثاني لنحطة الوسط105admin23@gmail.com
[2025-04-07 11:39:49] ERROR: Error logging in:User is not active in the active_session_user table0المستخم الثاني لنحطة الوسط105admin23@gmail.com
[2025-04-07 11:41:43] ERROR: Error logging in:User is not active in the active_session_user table0المستخم الثاني لنحطة الوسط105admin23@gmail.com
[2025-04-07 11:42:26] ERROR: Error logging in:User is not active in the active_session_user table0المستخم الثاني لنحطة الوسط105admin23@gmail.com
[2025-04-07 11:44:24] ERROR: Error logging in: Cannot read properties of undefined (reading 'is_active_session')
[2025-04-07 11:45:59] ERROR: Error logging in: Cannot read properties of undefined (reading 'is_active_session')
[2025-04-07 11:46:31] ERROR: Error logging in: Column count doesn't match value count at row 1
[2025-04-07 11:48:35] ERROR: Error logging out: Unknown column 'refresh_token' in 'where clause'
[2025-04-07 11:48:48] ERROR: Error logging out: Unknown column 'refresh_token' in 'where clause'
[2025-04-07 11:49:13] ERROR: Error logging in:User is not active in the active_session_user table[object Object]باسم حسين عبد الامير51Bassim@ur.com
[2025-04-07 11:55:04] ERROR: Error logging out: Unknown column 'refresh_token' in 'where clause'
[2025-04-07 11:58:32] ERROR: Error logging in:User is not active in the active_session_user table[object Object]باسم حسين عبد الامير51Bassim@ur.com
[2025-04-07 11:58:37] ERROR: Error logging out: Bind parameters must not contain undefined. To pass SQL NULL specify JS null
[2025-04-07 11:58:53] ERROR: Error logging in:User is not active in the active_session_user table[object Object]باسم حسين عبد الامير51Bassim@ur.com
[2025-04-07 11:59:06] ERROR: Error logging in:User is not active in the active_session_user table[object Object]باسم حسين عبد الامير51Bassim@ur.com
[2025-04-07 11:59:07] ERROR: Error logging in:User is not active in the active_session_user table[object Object]باسم حسين عبد الامير51Bassim@ur.com
[2025-04-07 11:59:07] ERROR: Error logging in:User is not active in the active_session_user table[object Object]باسم حسين عبد الامير51Bassim@ur.com
[2025-04-07 11:59:07] ERROR: Error logging in:User is not active in the active_session_user table[object Object]باسم حسين عبد الامير51Bassim@ur.com
[2025-04-07 11:59:08] ERROR: Error logging in:User is not active in the active_session_user table[object Object]باسم حسين عبد الامير51Bassim@ur.com
[2025-04-07 11:59:08] ERROR: Error logging in:User is not active in the active_session_user table[object Object]باسم حسين عبد الامير51Bassim@ur.com
[2025-04-07 12:00:00] ERROR: Error logging out: Bind parameters must not contain undefined. To pass SQL NULL specify JS null
[2025-04-07 12:02:48] ERROR: Error logging in:User is not active in the active_session_user table[object Object]باسم حسين عبد الامير51Bassim@ur.com
[2025-04-07 12:02:49] ERROR: Error logging in:User is not active in the active_session_user table[object Object]باسم حسين عبد الامير51Bassim@ur.com
[2025-04-07 12:02:49] ERROR: Error logging in:User is not active in the active_session_user table[object Object]باسم حسين عبد الامير51Bassim@ur.com
[2025-04-07 12:02:49] ERROR: Error logging in:User is not active in the active_session_user table[object Object]باسم حسين عبد الامير51Bassim@ur.com
[2025-04-07 12:04:32] ERROR: Error fetching users: You have an error in your SQL syntax; check the manual that corresponds to your MySQL server version for the right syntax to use near 'ORDER BY users_management.id DESC' at line 25
[2025-04-07 12:04:58] ERROR: Error fetching users: You have an error in your SQL syntax; check the manual that corresponds to your MySQL server version for the right syntax to use near 'ORDER BY users_management.user_id DESC' at line 25
[2025-04-07 12:06:06] ERROR: Error fetching users management data: Unknown column 'users_management.id' in 'order clause'
[2025-04-07 12:06:29] ERROR: Error fetching users management data: Bind parameters must not contain undefined. To pass SQL NULL specify JS null
[2025-04-07 12:06:58] ERROR: Error fetching users management data: Bind parameters must not contain undefined. To pass SQL NULL specify JS null
[2025-04-07 12:07:20] ERROR: Error fetching users management data: Bind parameters must not contain undefined. To pass SQL NULL specify JS null
[2025-04-07 12:07:31] ERROR: Error fetching users management data: Bind parameters must not contain undefined. To pass SQL NULL specify JS null
[2025-04-07 12:07:40] ERROR: Error fetching users management data: Bind parameters must not contain undefined. To pass SQL NULL specify JS null
[2025-04-07 12:08:39] ERROR: Error logging in:User is not active in the active_session_user table[object Object]المستخم الثاني لنحطة الوسط105admin23@gmail.com
[2025-04-07 12:31:20] ERROR: Error fetching users management data: Bind parameters must not contain undefined. To pass SQL NULL specify JS null
[2025-04-07 12:47:29] ERROR: Error fetching users management data: Bind parameters must not contain undefined. To pass SQL NULL specify JS null
[2025-04-07 12:47:41] ERROR: Error fetching users management data: Bind parameters must not contain undefined. To pass SQL NULL specify JS null
[2025-04-07 13:02:56] ERROR: Error fetching users management data: Bind parameters must not contain undefined. To pass SQL NULL specify JS null
[2025-04-07 13:06:01] ERROR: Error fetching users management data: Bind parameters must not contain undefined. To pass SQL NULL specify JS null
[2025-04-07 13:13:32] ERROR: Error registering user: الابريد الالكتروني موجود مسسبقا
[2025-04-07 13:13:34] ERROR: Error registering user: الابريد الالكتروني موجود مسسبقا
[2025-04-07 13:13:34] ERROR: Error registering user: الابريد الالكتروني موجود مسسبقا
[2025-04-07 13:13:35] ERROR: Error registering user: الابريد الالكتروني موجود مسسبقا
[2025-04-07 13:13:35] ERROR: Error registering user: الابريد الالكتروني موجود مسسبقا
